Started by user [8mha:////4H1v3NWwyC0t0b+S2yVVuTBBFNfdel5bEmDCb6PFRiRuAAAAoh+LCAAAAAAAAP9b85aBtbiIQTGjNKU4P08vOT+vOD8nVc83PyU1x6OyILUoJzMv2y+/JJUBAhiZGBgqihhk0NSjKDWzXb3RdlLBUSYGJk8GtpzUvPSSDB8G5tKinBIGIZ+sxLJE/ZzEvHT94JKizLx0a6BxUmjGOUNodHsLgAzxEgYx/dLi1CL9osTs1OKM9Py8zPTSvJKcRABPmwtwywAAAA==[0mRakesh Kumar Goniguntla
Obtained Jenkinsnestedpipeline from git https://github.com/Rakeshgoniguntla/jenkinspipeline.git
org.codehaus.groovy.control.MultipleCompilationErrorsException: startup failed:
WorkflowScript: 23: Undefined section "stage" @ line 23, column 5.
   				stage ('test-suite1') {
       ^

WorkflowScript: 30: Multiple occurrences of the stage section @ line 30, column 5.
   				stage ('test-suite2') {
       ^

WorkflowScript: 30: Undefined section "stage" @ line 30, column 5.
   				stage ('test-suite2') {
       ^

WorkflowScript: 38: Multiple occurrences of the stage section @ line 38, column 5.
   				stage ('test-suite3') {
       ^

WorkflowScript: 38: Undefined section "stage" @ line 38, column 5.
   				stage ('test-suite3') {
       ^

WorkflowScript: 22: "matrix" or "parallel" cannot be nested inside another "matrix" or "parallel". @ line 22, column 4.
   			matrix {
      ^

WorkflowScript: 22: Missing required section "axes" @ line 22, column 4.
   			matrix {
      ^

WorkflowScript: 22: Missing required section "stages" @ line 22, column 4.
   			matrix {
      ^

8 errors

	at org.codehaus.groovy.control.ErrorCollector.failIfErrors(ErrorCollector.java:309)
	at org.codehaus.groovy.control.CompilationUnit.applyToPrimaryClassNodes(CompilationUnit.java:1107)
	at org.codehaus.groovy.control.CompilationUnit.doPhaseOperation(CompilationUnit.java:624)
	at org.codehaus.groovy.control.CompilationUnit.processPhaseOperations(CompilationUnit.java:602)
	at org.codehaus.groovy.control.CompilationUnit.compile(CompilationUnit.java:579)
	at groovy.lang.GroovyClassLoader.doParseClass(GroovyClassLoader.java:323)
	at groovy.lang.GroovyClassLoader.parseClass(GroovyClassLoader.java:293)
	at org.jenkinsci.plugins.scriptsecurity.sandbox.groovy.GroovySandbox$Scope.parse(GroovySandbox.java:163)
	at org.jenkinsci.plugins.workflow.cps.CpsGroovyShell.doParse(CpsGroovyShell.java:142)
	at org.jenkinsci.plugins.workflow.cps.CpsGroovyShell.reparse(CpsGroovyShell.java:127)
	at org.jenkinsci.plugins.workflow.cps.CpsFlowExecution.parseScript(CpsFlowExecution.java:562)
	at org.jenkinsci.plugins.workflow.cps.CpsFlowExecution.start(CpsFlowExecution.java:514)
	at org.jenkinsci.plugins.workflow.job.WorkflowRun.run(WorkflowRun.java:336)
	at hudson.model.ResourceController.execute(ResourceController.java:107)
	at hudson.model.Executor.run(Executor.java:449)
[withMaven] downstreamPipelineTriggerRunListener - Failure to introspect build steps: java.io.IOException: parallelpipeline #5 did not yet start
[withMaven] downstreamPipelineTriggerRunListener - Failure to introspect build steps: java.io.IOException: parallelpipeline #5 did not yet start
Finished: FAILURE
