Started by user [8mha:////4H1v3NWwyC0t0b+S2yVVuTBBFNfdel5bEmDCb6PFRiRuAAAAoh+LCAAAAAAAAP9b85aBtbiIQTGjNKU4P08vOT+vOD8nVc83PyU1x6OyILUoJzMv2y+/JJUBAhiZGBgqihhk0NSjKDWzXb3RdlLBUSYGJk8GtpzUvPSSDB8G5tKinBIGIZ+sxLJE/ZzEvHT94JKizLx0a6BxUmjGOUNodHsLgAzxEgYx/dLi1CL9osTs1OKM9Py8zPTSvJKcRABPmwtwywAAAA==[0mRakesh Kumar Goniguntla
Running as SYSTEM
Building remotely on [8mha:////4KhyZDOZe0tdibCAfC+8WZTeHWs7ZG7PpKq1LW8AAvM2AAAAmx+LCAAAAAAAAP9b85aBtbiIQTGjNKU4P08vOT+vOD8nVc83PyU1x6OyILUoJzMv2y+/JJUBAhiZGBgqihhk0NSjKDWzXb3RdlLBUSYGJk8GtpzUvPSSDB8G5tKinBIGIZ+sxLJE/ZzEvHT94JKizLx0a6BxUmjGOUNodHsLgAz2EgZB/eT83ILSktQifZBhRnrJAKTqvqvGAAAA[0mjava2.c (java1) in workspace /home/jenkins/jenkins-workspace/workspace/Java
The recommended git tool is: NONE
using credential javanode
 > git rev-parse --resolve-git-dir /home/jenkins/jenkins-workspace/workspace/Java/.git # timeout=10
Fetching changes from the remote Git repository
 > git config remote.origin.url https://github.com/Rakeshgoniguntla/newjava.git # timeout=10
Fetching upstream changes from https://github.com/Rakeshgoniguntla/newjava.git
 > git --version # timeout=10
 > git --version # 'git version 2.25.1'
using GIT_SSH to set credentials javanode credentials
Verifying host key using known hosts file
[8mha:AAAAwB+LCAAAAAAAAP9djLENwjAQRY8gGIAS0VE77ihAVDQgRVAwQRSMfYl1tuwLStZgDWgYgnFYgIpE6fjN+19fes8PTGKAhakv0VFaOIrOqnTfehUsUnV0rFbbx2t79+8EkgNMrSLNJoNxHSzDLCvzWy5tTlqeOSDpTRNg/qfbDexlMGSUADS+K1+Gk2H2cS2lt7VGimmpqOqJTmpkUVhUxHI53KKTcrdFjEYYF1lUqhU3FfCKRc7o6Af/njhS1AAAAA==[0mYou're using 'Known hosts file' strategy to verify ssh host keys, but your known_hosts file does not exist, please go to 'Manage Jenkins' -> 'Configure Global Security' -> 'Git Host Key Verification Configuration' and configure host key verification.
 > git fetch --tags --force --progress -- https://github.com/Rakeshgoniguntla/newjava.git +refs/heads/*:refs/remotes/origin/* # timeout=10
 > git rev-parse refs/remotes/origin/master^{commit} # timeout=10
Checking out Revision 54193af8c558fa7f2d66e4d0f0db86c46615bb51 (refs/remotes/origin/master)
 > git config core.sparsecheckout # timeout=10
 > git checkout -f 54193af8c558fa7f2d66e4d0f0db86c46615bb51 # timeout=10
Commit message: "comitting pom.xml"
 > git rev-list --no-walk 54193af8c558fa7f2d66e4d0f0db86c46615bb51 # timeout=10
[Java] $ mvn cd /home/jenkins/jenkins-workspace/workspace/Java
WARNING: An illegal reflective access operation has occurred
WARNING: Illegal reflective access by com.google.inject.internal.cglib.core.$ReflectUtils$1 (file:/usr/share/maven/lib/guice.jar) to method java.lang.ClassLoader.defineClass(java.lang.String,byte[],int,int,java.security.ProtectionDomain)
WARNING: Please consider reporting this to the maintainers of com.google.inject.internal.cglib.core.$ReflectUtils$1
WARNING: Use --illegal-access=warn to enable warnings of further illegal reflective access operations
WARNING: All illegal access operations will be denied in a future release
[[1;34mINFO[m] Scanning for projects...
[[1;34mINFO[m] 
[[1;34mINFO[m] [1m--------------------< [0;36mcom.efsavage:hello-world-war[0;1m >--------------------[m
[[1;34mINFO[m] [1mBuilding Hello World Web Application Repository 1.0.0[m
[[1;34mINFO[m] [1m--------------------------------[ war ]---------------------------------[m
[[1;34mINFO[m] [1m------------------------------------------------------------------------[m
[[1;34mINFO[m] [1;31mBUILD FAILURE[m
[[1;34mINFO[m] [1m------------------------------------------------------------------------[m
[[1;34mINFO[m] Total time:  0.309 s
[[1;34mINFO[m] Finished at: 2022-11-14T01:54:57Z
[[1;34mINFO[m] [1m------------------------------------------------------------------------[m
[[1;31mERROR[m] Unknown lifecycle phase "cd". You must specify a valid lifecycle phase or a goal in the format <plugin-prefix>:<goal> or <plugin-group-id>:<plugin-artifact-id>[:<plugin-version>]:<goal>. Available lifecycle phases are: validate, initialize, generate-sources, process-sources, generate-resources, process-resources, compile, process-classes, generate-test-sources, process-test-sources, generate-test-resources, process-test-resources, test-compile, process-test-classes, test, prepare-package, package, pre-integration-test, integration-test, post-integration-test, verify, install, deploy, pre-clean, clean, post-clean, pre-site, site, post-site, site-deploy. -> [1m[Help 1][m
[[1;31mERROR[m] 
[[1;31mERROR[m] To see the full stack trace of the errors, re-run Maven with the [1m-e[m switch.
[[1;31mERROR[m] Re-run Maven using the [1m-X[m switch to enable full debug logging.
[[1;31mERROR[m] 
[[1;31mERROR[m] For more information about the errors and possible solutions, please read the following articles:
[[1;31mERROR[m] [1m[Help 1][m http://cwiki.apache.org/confluence/display/MAVEN/LifecyclePhaseNotFoundException
Build step 'Invoke top-level Maven targets' marked build as failure
Finished: FAILURE
